;  LST file generated by mikroListExporter - v.2.0 
; Date/Time: 5/9/2017 10:57:30 AM
;----------------------------------------------

;Address Opcode 	ASM
0x0000	0x2A00      	GOTO       512
_Delay_1us:
;__Lib_Delays.c,7 :: 		void Delay_1us() {
;__Lib_Delays.c,8 :: 		Delay_us(1);
0x0003	0x0000      	NOP
0x0004	0x0000      	NOP
;__Lib_Delays.c,9 :: 		}
L_end_Delay_1us:
0x0005	0x0008      	RETURN
; end of _Delay_1us
_Delay_5500us:
;__Lib_Delays.c,31 :: 		void Delay_5500us() {
;__Lib_Delays.c,32 :: 		Delay_us(5500);
0x0006	0x300F      	MOVLW      15
0x0007	0x1283      	BCF        STATUS, 5
0x0008	0x1303      	BCF        STATUS, 6
0x0009	0x00FC      	MOVWF      R12
0x000A	0x3047      	MOVLW      71
0x000B	0x00FD      	MOVWF      R13
L_Delay_5500us5:
0x000C	0x0BFD      	DECFSZ     R13, 1
0x000D	0x280C      	GOTO       L_Delay_5500us5
0x000E	0x0BFC      	DECFSZ     R12, 1
0x000F	0x280C      	GOTO       L_Delay_5500us5
0x0010	0x0000      	NOP
0x0011	0x0000      	NOP
;__Lib_Delays.c,33 :: 		}
L_end_Delay_5500us:
0x0012	0x0008      	RETURN
; end of _Delay_5500us
_Delay_50us:
;__Lib_Delays.c,19 :: 		void Delay_50us() {
;__Lib_Delays.c,20 :: 		Delay_us(50);
0x0013	0x3021      	MOVLW      33
0x0014	0x1283      	BCF        STATUS, 5
0x0015	0x1303      	BCF        STATUS, 6
0x0016	0x00FD      	MOVWF      R13
L_Delay_50us2:
0x0017	0x0BFD      	DECFSZ     R13, 1
0x0018	0x2817      	GOTO       L_Delay_50us2
;__Lib_Delays.c,21 :: 		}
L_end_Delay_50us:
0x0019	0x0008      	RETURN
; end of _Delay_50us
_Lcd_Cmd:
;__Lib_Lcd.c,18 :: 		
;__Lib_Lcd.c,20 :: 		
0x001A	0x1683      	BSF        STATUS, 5
0x001B	0x1303      	BCF        STATUS, 6
0x001C	0x1BAC      	BTFSC      FARG_Lcd_Cmd_out_char, 7
0x001D	0x2821      	GOTO       L__Lcd_Cmd21
0x001E	0x1283      	BCF        STATUS, 5
0x001F	0x1006      	BCF        LCD_D7, BitPos(LCD_D7+0)
0x0020	0x2823      	GOTO       L__Lcd_Cmd22
L__Lcd_Cmd21:
0x0021	0x1283      	BCF        STATUS, 5
0x0022	0x1406      	BSF        LCD_D7, BitPos(LCD_D7+0)
L__Lcd_Cmd22:
;__Lib_Lcd.c,21 :: 		
0x0023	0x1683      	BSF        STATUS, 5
0x0024	0x1B2C      	BTFSC      FARG_Lcd_Cmd_out_char, 6
0x0025	0x2829      	GOTO       L__Lcd_Cmd23
0x0026	0x1283      	BCF        STATUS, 5
0x0027	0x1086      	BCF        LCD_D6, BitPos(LCD_D6+0)
0x0028	0x282B      	GOTO       L__Lcd_Cmd24
L__Lcd_Cmd23:
0x0029	0x1283      	BCF        STATUS, 5
0x002A	0x1486      	BSF        LCD_D6, BitPos(LCD_D6+0)
L__Lcd_Cmd24:
;__Lib_Lcd.c,22 :: 		
0x002B	0x1683      	BSF        STATUS, 5
0x002C	0x1AAC      	BTFSC      FARG_Lcd_Cmd_out_char, 5
0x002D	0x2831      	GOTO       L__Lcd_Cmd25
0x002E	0x1283      	BCF        STATUS, 5
0x002F	0x1106      	BCF        LCD_D5, BitPos(LCD_D5+0)
0x0030	0x2833      	GOTO       L__Lcd_Cmd26
L__Lcd_Cmd25:
0x0031	0x1283      	BCF        STATUS, 5
0x0032	0x1506      	BSF        LCD_D5, BitPos(LCD_D5+0)
L__Lcd_Cmd26:
;__Lib_Lcd.c,23 :: 		
0x0033	0x1683      	BSF        STATUS, 5
0x0034	0x1A2C      	BTFSC      FARG_Lcd_Cmd_out_char, 4
0x0035	0x2839      	GOTO       L__Lcd_Cmd27
0x0036	0x1283      	BCF        STATUS, 5
0x0037	0x1186      	BCF        LCD_D4, BitPos(LCD_D4+0)
0x0038	0x283B      	GOTO       L__Lcd_Cmd28
L__Lcd_Cmd27:
0x0039	0x1283      	BCF        STATUS, 5
0x003A	0x1586      	BSF        LCD_D4, BitPos(LCD_D4+0)
L__Lcd_Cmd28:
;__Lib_Lcd.c,25 :: 		
0x003B	0x1683      	BSF        STATUS, 5
0x003C	0x1826      	BTFSC      __Lib_Lcd_cmd_status, BitPos(__Lib_Lcd_cmd_status+0)
0x003D	0x2841      	GOTO       L__Lcd_Cmd29
0x003E	0x1283      	BCF        STATUS, 5
0x003F	0x1686      	BSF        LCD_RS, BitPos(LCD_RS+0)
0x0040	0x2843      	GOTO       L__Lcd_Cmd30
L__Lcd_Cmd29:
0x0041	0x1283      	BCF        STATUS, 5
0x0042	0x1286      	BCF        LCD_RS, BitPos(LCD_RS+0)
L__Lcd_Cmd30:
;__Lib_Lcd.c,28 :: 		
0x0043	0x1606      	BSF        LCD_EN, BitPos(LCD_EN+0)
;__Lib_Lcd.c,29 :: 		
0x0044	0x2003      	CALL       _Delay_1us
;__Lib_Lcd.c,30 :: 		
0x0045	0x1206      	BCF        LCD_EN, BitPos(LCD_EN+0)
;__Lib_Lcd.c,33 :: 		
0x0046	0x1683      	BSF        STATUS, 5
0x0047	0x19AC      	BTFSC      FARG_Lcd_Cmd_out_char, 3
0x0048	0x284C      	GOTO       L__Lcd_Cmd31
0x0049	0x1283      	BCF        STATUS, 5
0x004A	0x1006      	BCF        LCD_D7, BitPos(LCD_D7+0)
0x004B	0x284E      	GOTO       L__Lcd_Cmd32
L__Lcd_Cmd31:
0x004C	0x1283      	BCF        STATUS, 5
0x004D	0x1406      	BSF        LCD_D7, BitPos(LCD_D7+0)
L__Lcd_Cmd32:
;__Lib_Lcd.c,34 :: 		
0x004E	0x1683      	BSF        STATUS, 5
0x004F	0x192C      	BTFSC      FARG_Lcd_Cmd_out_char, 2
0x0050	0x2854      	GOTO       L__Lcd_Cmd33
0x0051	0x1283      	BCF        STATUS, 5
0x0052	0x1086      	BCF        LCD_D6, BitPos(LCD_D6+0)
0x0053	0x2856      	GOTO       L__Lcd_Cmd34
L__Lcd_Cmd33:
0x0054	0x1283      	BCF        STATUS, 5
0x0055	0x1486      	BSF        LCD_D6, BitPos(LCD_D6+0)
L__Lcd_Cmd34:
;__Lib_Lcd.c,35 :: 		
0x0056	0x1683      	BSF        STATUS, 5
0x0057	0x18AC      	BTFSC      FARG_Lcd_Cmd_out_char, 1
0x0058	0x285C      	GOTO       L__Lcd_Cmd35
0x0059	0x1283      	BCF        STATUS, 5
0x005A	0x1106      	BCF        LCD_D5, BitPos(LCD_D5+0)
0x005B	0x285E      	GOTO       L__Lcd_Cmd36
L__Lcd_Cmd35:
0x005C	0x1283      	BCF        STATUS, 5
0x005D	0x1506      	BSF        LCD_D5, BitPos(LCD_D5+0)
L__Lcd_Cmd36:
;__Lib_Lcd.c,36 :: 		
0x005E	0x1683      	BSF        STATUS, 5
0x005F	0x182C      	BTFSC      FARG_Lcd_Cmd_out_char, 0
0x0060	0x2864      	GOTO       L__Lcd_Cmd37
0x0061	0x1283      	BCF        STATUS, 5
0x0062	0x1186      	BCF        LCD_D4, BitPos(LCD_D4+0)
0x0063	0x2866      	GOTO       L__Lcd_Cmd38
L__Lcd_Cmd37:
0x0064	0x1283      	BCF        STATUS, 5
0x0065	0x1586      	BSF        LCD_D4, BitPos(LCD_D4+0)
L__Lcd_Cmd38:
;__Lib_Lcd.c,38 :: 		
0x0066	0x1683      	BSF        STATUS, 5
0x0067	0x1826      	BTFSC      __Lib_Lcd_cmd_status, BitPos(__Lib_Lcd_cmd_status+0)
0x0068	0x286C      	GOTO       L__Lcd_Cmd39
0x0069	0x1283      	BCF        STATUS, 5
0x006A	0x1686      	BSF        LCD_RS, BitPos(LCD_RS+0)
0x006B	0x286E      	GOTO       L__Lcd_Cmd40
L__Lcd_Cmd39:
0x006C	0x1283      	BCF        STATUS, 5
0x006D	0x1286      	BCF        LCD_RS, BitPos(LCD_RS+0)
L__Lcd_Cmd40:
;__Lib_Lcd.c,40 :: 		
0x006E	0x1606      	BSF        LCD_EN, BitPos(LCD_EN+0)
;__Lib_Lcd.c,41 :: 		
0x006F	0x2003      	CALL       _Delay_1us
;__Lib_Lcd.c,42 :: 		
0x0070	0x1206      	BCF        LCD_EN, BitPos(LCD_EN+0)
;__Lib_Lcd.c,44 :: 		
0x0071	0x1683      	BSF        STATUS, 5
0x0072	0x1C26      	BTFSS      __Lib_Lcd_cmd_status, BitPos(__Lib_Lcd_cmd_status+0)
0x0073	0x2876      	GOTO       L_Lcd_Cmd0
;__Lib_Lcd.c,45 :: 		
0x0074	0x2006      	CALL       _Delay_5500us
0x0075	0x2877      	GOTO       L_Lcd_Cmd1
L_Lcd_Cmd0:
;__Lib_Lcd.c,47 :: 		
0x0076	0x2013      	CALL       _Delay_50us
L_Lcd_Cmd1:
;__Lib_Lcd.c,48 :: 		
L_end_Lcd_Cmd:
0x0077	0x0008      	RETURN
; end of _Lcd_Cmd
_Div_8x8_U:
;__Lib_Math.c,189 :: 		
;__Lib_Math.c,196 :: 		
0x0078	0x1283      	BCF        STATUS, 5
;__Lib_Math.c,197 :: 		
0x0079	0x1303      	BCF        STATUS, 6
;__Lib_Math.c,198 :: 		
0x007A	0x01F8      	CLRF       R8
;__Lib_Math.c,199 :: 		
0x007B	0x3008      	MOVLW      8
;__Lib_Math.c,200 :: 		
0x007C	0x00FC      	MOVWF      R12
;__Lib_Math.c,201 :: 		
0x007D	0x0D70      	RLF        R0, 0
;__Lib_Math.c,202 :: 		
0x007E	0x0DF8      	RLF        R8, 1
;__Lib_Math.c,203 :: 		
0x007F	0x0874      	MOVF       R4, 0
;__Lib_Math.c,204 :: 		
0x0080	0x02F8      	SUBWF      R8, 1
;__Lib_Math.c,205 :: 		
0x0081	0x1803      	BTFSC      STATUS, 0
;__Lib_Math.c,206 :: 		
0x0082	0x2885      	GOTO       $+3
;__Lib_Math.c,207 :: 		
0x0083	0x07F8      	ADDWF      R8, 1
;__Lib_Math.c,208 :: 		
0x0084	0x1003      	BCF        STATUS, 0
;__Lib_Math.c,209 :: 		
0x0085	0x0DF0      	RLF        R0, 1
;__Lib_Math.c,210 :: 		
0x0086	0x0BFC      	DECFSZ     R12, 1
;__Lib_Math.c,211 :: 		
0x0087	0x287D      	GOTO       $-10
;__Lib_Math.c,213 :: 		
L_end_Div_8x8_U:
0x0088	0x0008      	RETURN
; end of _Div_8x8_U
_Lcd_Chr_CP:
;__Lib_Lcd.c,50 :: 		
;__Lib_Lcd.c,52 :: 		
0x0089	0x1683      	BSF        STATUS, 5
0x008A	0x1303      	BCF        STATUS, 6
0x008B	0x1026      	BCF        __Lib_Lcd_cmd_status, BitPos(__Lib_Lcd_cmd_status+0)
;__Lib_Lcd.c,53 :: 		
0x008C	0x082B      	MOVF       FARG_Lcd_Chr_CP_out_char, 0
0x008D	0x00AC      	MOVWF      FARG_Lcd_Cmd_out_char
0x008E	0x201A      	CALL       _Lcd_Cmd
;__Lib_Lcd.c,54 :: 		
0x008F	0x1683      	BSF        STATUS, 5
0x0090	0x1426      	BSF        __Lib_Lcd_cmd_status, BitPos(__Lib_Lcd_cmd_status+0)
;__Lib_Lcd.c,55 :: 		
L_end_Lcd_Chr_CP:
0x0091	0x0008      	RETURN
; end of _Lcd_Chr_CP
_____DoICP:
;__Lib_System.c,6 :: 		
;__Lib_System.c,9 :: 		
0x0092	0x1683      	BSF        STATUS, 5
0x0093	0x1303      	BCF        STATUS, 6
0x0094	0x0821      	MOVF       ___DoICPAddr+1, 0
0x0095	0x008A      	MOVWF      PCLATH
;__Lib_System.c,10 :: 		
0x0096	0x0820      	MOVF       ___DoICPAddr, 0
0x0097	0x0082      	MOVWF      PCL
;__Lib_System.c,12 :: 		
L_end_____DoICP:
0x0098	0x0008      	RETURN
; end of _____DoICP
_ByteToStr:
;__Lib_Conversions.c,66 :: 		
;__Lib_Conversions.c,69 :: 		
0x0099	0x1683      	BSF        STATUS, 5
0x009A	0x1303      	BCF        STATUS, 6
0x009B	0x01A9      	CLRF       ByteToStr_DigitPos_L0
L_ByteToStr0:
0x009C	0x3003      	MOVLW      3
0x009D	0x0229      	SUBWF      ByteToStr_DigitPos_L0, 0
0x009E	0x1803      	BTFSC      STATUS, 0
0x009F	0x28A7      	GOTO       L_ByteToStr1
;__Lib_Conversions.c,70 :: 		
0x00A0	0x0829      	MOVF       ByteToStr_DigitPos_L0, 0
0x00A1	0x0728      	ADDWF      FARG_ByteToStr_output, 0
0x00A2	0x0084      	MOVWF      FSR
0x00A3	0x3020      	MOVLW      32
0x00A4	0x0080      	MOVWF      INDF
;__Lib_Conversions.c,69 :: 		
0x00A5	0x0AA9      	INCF       ByteToStr_DigitPos_L0, 1
;__Lib_Conversions.c,70 :: 		
0x00A6	0x289C      	GOTO       L_ByteToStr0
L_ByteToStr1:
;__Lib_Conversions.c,72 :: 		
0x00A7	0x0829      	MOVF       ByteToStr_DigitPos_L0, 0
0x00A8	0x0728      	ADDWF      FARG_ByteToStr_output, 0
0x00A9	0x0084      	MOVWF      FSR
0x00AA	0x0180      	CLRF       INDF
0x00AB	0x03A9      	DECF       ByteToStr_DigitPos_L0, 1
;__Lib_Conversions.c,74 :: 		
L_ByteToStr3:
;__Lib_Conversions.c,75 :: 		
0x00AC	0x0829      	MOVF       ByteToStr_DigitPos_L0, 0
0x00AD	0x0728      	ADDWF      FARG_ByteToStr_output, 0
0x00AE	0x00AA      	MOVWF      FLOC__ByteToStr
0x00AF	0x300A      	MOVLW      10
0x00B0	0x00F4      	MOVWF      R4
0x00B1	0x0827      	MOVF       FARG_ByteToStr_input, 0
0x00B2	0x00F0      	MOVWF      R0
0x00B3	0x2078      	CALL       _Div_8x8_U
0x00B4	0x0878      	MOVF       R8, 0
0x00B5	0x00F0      	MOVWF      R0
0x00B6	0x3030      	MOVLW      48
0x00B7	0x07F0      	ADDWF      R0, 1
0x00B8	0x1683      	BSF        STATUS, 5
0x00B9	0x082A      	MOVF       FLOC__ByteToStr, 0
0x00BA	0x0084      	MOVWF      FSR
0x00BB	0x0870      	MOVF       R0, 0
0x00BC	0x0080      	MOVWF      INDF
;__Lib_Conversions.c,76 :: 		
0x00BD	0x300A      	MOVLW      10
0x00BE	0x00F4      	MOVWF      R4
0x00BF	0x0827      	MOVF       FARG_ByteToStr_input, 0
0x00C0	0x00F0      	MOVWF      R0
0x00C1	0x2078      	CALL       _Div_8x8_U
0x00C2	0x0870      	MOVF       R0, 0
0x00C3	0x1683      	BSF        STATUS, 5
0x00C4	0x00A7      	MOVWF      FARG_ByteToStr_input
;__Lib_Conversions.c,77 :: 		
0x00C5	0x0870      	MOVF       R0, 0
0x00C6	0x3A00      	XORLW      0
0x00C7	0x1D03      	BTFSS      STATUS, 2
0x00C8	0x28CA      	GOTO       L_ByteToStr5
;__Lib_Conversions.c,78 :: 		
0x00C9	0x28CC      	GOTO       L_ByteToStr4
L_ByteToStr5:
;__Lib_Conversions.c,79 :: 		
0x00CA	0x03A9      	DECF       ByteToStr_DigitPos_L0, 1
;__Lib_Conversions.c,80 :: 		
0x00CB	0x28AC      	GOTO       L_ByteToStr3
L_ByteToStr4:
;__Lib_Conversions.c,81 :: 		
L_end_ByteToStr:
0x00CC	0x0008      	RETURN
; end of _ByteToStr
_Lcd_Init:
;__Lib_Lcd.c,84 :: 		
;__Lib_Lcd.c,86 :: 		
0x00CD	0x1683      	BSF        STATUS, 5
0x00CE	0x1303      	BCF        STATUS, 6
0x00CF	0x1206      	BCF        LCD_EN_Direction, BitPos(LCD_EN_Direction+0)
;__Lib_Lcd.c,87 :: 		
0x00D0	0x1286      	BCF        LCD_RS_Direction, BitPos(LCD_RS_Direction+0)
;__Lib_Lcd.c,88 :: 		
0x00D1	0x1186      	BCF        LCD_D4_Direction, BitPos(LCD_D4_Direction+0)
;__Lib_Lcd.c,89 :: 		
0x00D2	0x1106      	BCF        LCD_D5_Direction, BitPos(LCD_D5_Direction+0)
;__Lib_Lcd.c,90 :: 		
0x00D3	0x1086      	BCF        LCD_D6_Direction, BitPos(LCD_D6_Direction+0)
;__Lib_Lcd.c,91 :: 		
0x00D4	0x1006      	BCF        LCD_D7_Direction, BitPos(LCD_D7_Direction+0)
;__Lib_Lcd.c,93 :: 		
0x00D5	0x1283      	BCF        STATUS, 5
0x00D6	0x1206      	BCF        LCD_EN, BitPos(LCD_EN+0)
;__Lib_Lcd.c,94 :: 		
0x00D7	0x1286      	BCF        LCD_RS, BitPos(LCD_RS+0)
;__Lib_Lcd.c,95 :: 		
0x00D8	0x1006      	BCF        LCD_D7, BitPos(LCD_D7+0)
;__Lib_Lcd.c,96 :: 		
0x00D9	0x1086      	BCF        LCD_D6, BitPos(LCD_D6+0)
;__Lib_Lcd.c,97 :: 		
0x00DA	0x1106      	BCF        LCD_D5, BitPos(LCD_D5+0)
;__Lib_Lcd.c,98 :: 		
0x00DB	0x1186      	BCF        LCD_D4, BitPos(LCD_D4+0)
;__Lib_Lcd.c,100 :: 		
0x00DC	0x2006      	CALL       _Delay_5500us
;__Lib_Lcd.c,101 :: 		
0x00DD	0x2006      	CALL       _Delay_5500us
;__Lib_Lcd.c,102 :: 		
0x00DE	0x2006      	CALL       _Delay_5500us
;__Lib_Lcd.c,105 :: 		
0x00DF	0x1506      	BSF        LCD_D5, BitPos(LCD_D5+0)
;__Lib_Lcd.c,106 :: 		
0x00E0	0x1586      	BSF        LCD_D4, BitPos(LCD_D4+0)
;__Lib_Lcd.c,107 :: 		
0x00E1	0x1606      	BSF        LCD_EN, BitPos(LCD_EN+0)
;__Lib_Lcd.c,108 :: 		
0x00E2	0x2003      	CALL       _Delay_1us
;__Lib_Lcd.c,109 :: 		
0x00E3	0x1206      	BCF        LCD_EN, BitPos(LCD_EN+0)
;__Lib_Lcd.c,110 :: 		
0x00E4	0x2006      	CALL       _Delay_5500us
;__Lib_Lcd.c,112 :: 		
0x00E5	0x1606      	BSF        LCD_EN, BitPos(LCD_EN+0)
;__Lib_Lcd.c,113 :: 		
0x00E6	0x2003      	CALL       _Delay_1us
;__Lib_Lcd.c,114 :: 		
0x00E7	0x1206      	BCF        LCD_EN, BitPos(LCD_EN+0)
;__Lib_Lcd.c,115 :: 		
0x00E8	0x2006      	CALL       _Delay_5500us
;__Lib_Lcd.c,117 :: 		
0x00E9	0x1606      	BSF        LCD_EN, BitPos(LCD_EN+0)
;__Lib_Lcd.c,118 :: 		
0x00EA	0x2003      	CALL       _Delay_1us
;__Lib_Lcd.c,119 :: 		
0x00EB	0x1206      	BCF        LCD_EN, BitPos(LCD_EN+0)
;__Lib_Lcd.c,120 :: 		
0x00EC	0x2006      	CALL       _Delay_5500us
;__Lib_Lcd.c,123 :: 		
0x00ED	0x1186      	BCF        LCD_D4, BitPos(LCD_D4+0)
;__Lib_Lcd.c,124 :: 		
0x00EE	0x1606      	BSF        LCD_EN, BitPos(LCD_EN+0)
;__Lib_Lcd.c,125 :: 		
0x00EF	0x2003      	CALL       _Delay_1us
;__Lib_Lcd.c,126 :: 		
0x00F0	0x1206      	BCF        LCD_EN, BitPos(LCD_EN+0)
;__Lib_Lcd.c,127 :: 		
0x00F1	0x2006      	CALL       _Delay_5500us
;__Lib_Lcd.c,130 :: 		
0x00F2	0x1606      	BSF        LCD_EN, BitPos(LCD_EN+0)
;__Lib_Lcd.c,131 :: 		
0x00F3	0x2003      	CALL       _Delay_1us
;__Lib_Lcd.c,132 :: 		
0x00F4	0x1206      	BCF        LCD_EN, BitPos(LCD_EN+0)
;__Lib_Lcd.c,134 :: 		
0x00F5	0x1106      	BCF        LCD_D5, BitPos(LCD_D5+0)
;__Lib_Lcd.c,135 :: 		
0x00F6	0x1406      	BSF        LCD_D7, BitPos(LCD_D7+0)
;__Lib_Lcd.c,136 :: 		
0x00F7	0x1606      	BSF        LCD_EN, BitPos(LCD_EN+0)
;__Lib_Lcd.c,137 :: 		
0x00F8	0x2003      	CALL       _Delay_1us
;__Lib_Lcd.c,138 :: 		
0x00F9	0x1206      	BCF        LCD_EN, BitPos(LCD_EN+0)
;__Lib_Lcd.c,139 :: 		
0x00FA	0x2006      	CALL       _Delay_5500us
;__Lib_Lcd.c,142 :: 		
0x00FB	0x1006      	BCF        LCD_D7, BitPos(LCD_D7+0)
;__Lib_Lcd.c,143 :: 		
0x00FC	0x1586      	BSF        LCD_D4, BitPos(LCD_D4+0)
;__Lib_Lcd.c,144 :: 		
0x00FD	0x1606      	BSF        LCD_EN, BitPos(LCD_EN+0)
;__Lib_Lcd.c,145 :: 		
0x00FE	0x2003      	CALL       _Delay_1us
;__Lib_Lcd.c,146 :: 		
0x00FF	0x1206      	BCF        LCD_EN, BitPos(LCD_EN+0)
;__Lib_Lcd.c,148 :: 		
0x0100	0x1186      	BCF        LCD_D4, BitPos(LCD_D4+0)
;__Lib_Lcd.c,149 :: 		
0x0101	0x1606      	BSF        LCD_EN, BitPos(LCD_EN+0)
;__Lib_Lcd.c,150 :: 		
0x0102	0x2003      	CALL       _Delay_1us
;__Lib_Lcd.c,151 :: 		
0x0103	0x1206      	BCF        LCD_EN, BitPos(LCD_EN+0)
;__Lib_Lcd.c,152 :: 		
0x0104	0x2006      	CALL       _Delay_5500us
;__Lib_Lcd.c,155 :: 		
0x0105	0x1606      	BSF        LCD_EN, BitPos(LCD_EN+0)
;__Lib_Lcd.c,156 :: 		
0x0106	0x2003      	CALL       _Delay_1us
;__Lib_Lcd.c,157 :: 		
0x0107	0x1206      	BCF        LCD_EN, BitPos(LCD_EN+0)
;__Lib_Lcd.c,159 :: 		
0x0108	0x1586      	BSF        LCD_D4, BitPos(LCD_D4+0)
;__Lib_Lcd.c,160 :: 		
0x0109	0x1606      	BSF        LCD_EN, BitPos(LCD_EN+0)
;__Lib_Lcd.c,161 :: 		
0x010A	0x2003      	CALL       _Delay_1us
;__Lib_Lcd.c,162 :: 		
0x010B	0x1206      	BCF        LCD_EN, BitPos(LCD_EN+0)
;__Lib_Lcd.c,163 :: 		
0x010C	0x2006      	CALL       _Delay_5500us
;__Lib_Lcd.c,166 :: 		
0x010D	0x1186      	BCF        LCD_D4, BitPos(LCD_D4+0)
;__Lib_Lcd.c,167 :: 		
0x010E	0x1606      	BSF        LCD_EN, BitPos(LCD_EN+0)
;__Lib_Lcd.c,168 :: 		
0x010F	0x2003      	CALL       _Delay_1us
;__Lib_Lcd.c,169 :: 		
0x0110	0x1206      	BCF        LCD_EN, BitPos(LCD_EN+0)
;__Lib_Lcd.c,171 :: 		
0x0111	0x1406      	BSF        LCD_D7, BitPos(LCD_D7+0)
;__Lib_Lcd.c,172 :: 		
0x0112	0x1486      	BSF        LCD_D6, BitPos(LCD_D6+0)
;__Lib_Lcd.c,173 :: 		
0x0113	0x1506      	BSF        LCD_D5, BitPos(LCD_D5+0)
;__Lib_Lcd.c,174 :: 		
0x0114	0x1586      	BSF        LCD_D4, BitPos(LCD_D4+0)
;__Lib_Lcd.c,175 :: 		
0x0115	0x1606      	BSF        LCD_EN, BitPos(LCD_EN+0)
;__Lib_Lcd.c,176 :: 		
0x0116	0x2003      	CALL       _Delay_1us
;__Lib_Lcd.c,177 :: 		
0x0117	0x1206      	BCF        LCD_EN, BitPos(LCD_EN+0)
;__Lib_Lcd.c,179 :: 		
0x0118	0x2006      	CALL       _Delay_5500us
;__Lib_Lcd.c,181 :: 		
0x0119	0x1683      	BSF        STATUS, 5
0x011A	0x1426      	BSF        __Lib_Lcd_cmd_status, BitPos(__Lib_Lcd_cmd_status+0)
;__Lib_Lcd.c,182 :: 		
L_end_Lcd_Init:
0x011B	0x0008      	RETURN
; end of _Lcd_Init
_ReadData:
;dht11.c,33 :: 		void ReadData(){
;dht11.c,34 :: 		for(b=0;b<8;b++){
0x011C	0x1283      	BCF        STATUS, 5
0x011D	0x1303      	BCF        STATUS, 6
0x011E	0x01A1      	CLRF       _b
L_ReadData7:
0x011F	0x3008      	MOVLW      8
0x0120	0x0221      	SUBWF      _b, 0
0x0121	0x1803      	BTFSC      STATUS, 0
0x0122	0x2955      	GOTO       L_ReadData8
;dht11.c,35 :: 		while(!PORTD.F1);
L_ReadData10:
0x0123	0x1888      	BTFSC      PORTD, 1
0x0124	0x2926      	GOTO       L_ReadData11
0x0125	0x2923      	GOTO       L_ReadData10
L_ReadData11:
;dht11.c,36 :: 		delay_us(30);
0x0126	0x3013      	MOVLW      19
0x0127	0x00FD      	MOVWF      R13
L_ReadData12:
0x0128	0x0BFD      	DECFSZ     R13, 1
0x0129	0x2928      	GOTO       L_ReadData12
0x012A	0x0000      	NOP
0x012B	0x0000      	NOP
;dht11.c,37 :: 		if(PORTD.F1 == 0)    i&=~(1<<(7-b));
0x012C	0x1888      	BTFSC      PORTD, 1
0x012D	0x2940      	GOTO       L_ReadData13
0x012E	0x0821      	MOVF       _b, 0
0x012F	0x3C07      	SUBLW      7
0x0130	0x00F0      	MOVWF      R0
0x0131	0x0870      	MOVF       R0, 0
0x0132	0x00F1      	MOVWF      R1
0x0133	0x3001      	MOVLW      1
0x0134	0x00F0      	MOVWF      R0
0x0135	0x0871      	MOVF       R1, 0
L__ReadData32:
0x0136	0x1903      	BTFSC      STATUS, 2
0x0137	0x293C      	GOTO       L__ReadData33
0x0138	0x0DF0      	RLF        R0, 1
0x0139	0x1070      	BCF        R0, 0
0x013A	0x3EFF      	ADDLW      255
0x013B	0x2936      	GOTO       L__ReadData32
L__ReadData33:
0x013C	0x09F0      	COMF       R0, 1
0x013D	0x0870      	MOVF       R0, 0
0x013E	0x05A0      	ANDWF      _i, 1
0x013F	0x2953      	GOTO       L_ReadData14
L_ReadData13:
;dht11.c,38 :: 		else{i|= (1<<(7-b));
0x0140	0x0821      	MOVF       _b, 0
0x0141	0x3C07      	SUBLW      7
0x0142	0x00F0      	MOVWF      R0
0x0143	0x0870      	MOVF       R0, 0
0x0144	0x00F1      	MOVWF      R1
0x0145	0x3001      	MOVLW      1
0x0146	0x00F0      	MOVWF      R0
0x0147	0x0871      	MOVF       R1, 0
L__ReadData34:
0x0148	0x1903      	BTFSC      STATUS, 2
0x0149	0x294E      	GOTO       L__ReadData35
0x014A	0x0DF0      	RLF        R0, 1
0x014B	0x1070      	BCF        R0, 0
0x014C	0x3EFF      	ADDLW      255
0x014D	0x2948      	GOTO       L__ReadData34
L__ReadData35:
0x014E	0x0870      	MOVF       R0, 0
0x014F	0x04A0      	IORWF      _i, 1
;dht11.c,39 :: 		while(PORTD.F1);}
L_ReadData15:
0x0150	0x1C88      	BTFSS      PORTD, 1
0x0151	0x2953      	GOTO       L_ReadData16
0x0152	0x2950      	GOTO       L_ReadData15
L_ReadData16:
L_ReadData14:
;dht11.c,34 :: 		for(b=0;b<8;b++){
0x0153	0x0AA1      	INCF       _b, 1
;dht11.c,40 :: 		}
0x0154	0x291F      	GOTO       L_ReadData7
L_ReadData8:
;dht11.c,41 :: 		}
L_end_ReadData:
0x0155	0x0008      	RETURN
; end of _ReadData
_Lcd_Out:
;__Lib_Lcd.c,184 :: 		
;__Lib_Lcd.c,187 :: 		
0x0156	0x2968      	GOTO       L_Lcd_Out11
;__Lib_Lcd.c,188 :: 		
L_Lcd_Out13:
0x0157	0x3080      	MOVLW      128
0x0158	0x1683      	BSF        STATUS, 5
0x0159	0x1303      	BCF        STATUS, 6
0x015A	0x00A7      	MOVWF      FARG_Lcd_Out_row
0x015B	0x297B      	GOTO       L_Lcd_Out12
;__Lib_Lcd.c,189 :: 		
L_Lcd_Out14:
0x015C	0x30C0      	MOVLW      192
0x015D	0x00A7      	MOVWF      FARG_Lcd_Out_row
0x015E	0x297B      	GOTO       L_Lcd_Out12
;__Lib_Lcd.c,190 :: 		
L_Lcd_Out15:
0x015F	0x3094      	MOVLW      148
0x0160	0x00A7      	MOVWF      FARG_Lcd_Out_row
0x0161	0x297B      	GOTO       L_Lcd_Out12
;__Lib_Lcd.c,191 :: 		
L_Lcd_Out16:
0x0162	0x30D4      	MOVLW      212
0x0163	0x00A7      	MOVWF      FARG_Lcd_Out_row
0x0164	0x297B      	GOTO       L_Lcd_Out12
;__Lib_Lcd.c,192 :: 		
L_Lcd_Out17:
0x0165	0x3080      	MOVLW      128
0x0166	0x00A7      	MOVWF      FARG_Lcd_Out_row
;__Lib_Lcd.c,193 :: 		
0x0167	0x297B      	GOTO       L_Lcd_Out12
L_Lcd_Out11:
0x0168	0x1683      	BSF        STATUS, 5
0x0169	0x1303      	BCF        STATUS, 6
0x016A	0x0827      	MOVF       FARG_Lcd_Out_row, 0
0x016B	0x3A01      	XORLW      1
0x016C	0x1903      	BTFSC      STATUS, 2
0x016D	0x2957      	GOTO       L_Lcd_Out13
0x016E	0x0827      	MOVF       FARG_Lcd_Out_row, 0
0x016F	0x3A02      	XORLW      2
0x0170	0x1903      	BTFSC      STATUS, 2
0x0171	0x295C      	GOTO       L_Lcd_Out14
0x0172	0x0827      	MOVF       FARG_Lcd_Out_row, 0
0x0173	0x3A03      	XORLW      3
0x0174	0x1903      	BTFSC      STATUS, 2
0x0175	0x295F      	GOTO       L_Lcd_Out15
0x0176	0x0827      	MOVF       FARG_Lcd_Out_row, 0
0x0177	0x3A04      	XORLW      4
0x0178	0x1903      	BTFSC      STATUS, 2
0x0179	0x2962      	GOTO       L_Lcd_Out16
0x017A	0x2965      	GOTO       L_Lcd_Out17
L_Lcd_Out12:
;__Lib_Lcd.c,194 :: 		
0x017B	0x0328      	DECF       FARG_Lcd_Out_column, 0
0x017C	0x00F0      	MOVWF      R0
0x017D	0x0827      	MOVF       FARG_Lcd_Out_row, 0
0x017E	0x07F0      	ADDWF      R0, 1
0x017F	0x0870      	MOVF       R0, 0
0x0180	0x00A7      	MOVWF      FARG_Lcd_Out_row
;__Lib_Lcd.c,196 :: 		
0x0181	0x0870      	MOVF       R0, 0
0x0182	0x00AC      	MOVWF      FARG_Lcd_Cmd_out_char
0x0183	0x201A      	CALL       _Lcd_Cmd
;__Lib_Lcd.c,197 :: 		
0x0184	0x1683      	BSF        STATUS, 5
0x0185	0x1026      	BCF        __Lib_Lcd_cmd_status, BitPos(__Lib_Lcd_cmd_status+0)
;__Lib_Lcd.c,198 :: 		
0x0186	0x01AA      	CLRF       Lcd_Out_i_L0
;__Lib_Lcd.c,199 :: 		
L_Lcd_Out18:
0x0187	0x082A      	MOVF       Lcd_Out_i_L0, 0
0x0188	0x0729      	ADDWF      FARG_Lcd_Out_text, 0
0x0189	0x0084      	MOVWF      FSR
0x018A	0x0800      	MOVF       INDF, 0
0x018B	0x1903      	BTFSC      STATUS, 2
0x018C	0x2995      	GOTO       L_Lcd_Out19
;__Lib_Lcd.c,200 :: 		
0x018D	0x082A      	MOVF       Lcd_Out_i_L0, 0
0x018E	0x0729      	ADDWF      FARG_Lcd_Out_text, 0
0x018F	0x0084      	MOVWF      FSR
0x0190	0x0800      	MOVF       INDF, 0
0x0191	0x00AB      	MOVWF      FARG_Lcd_Chr_CP_out_char
0x0192	0x2089      	CALL       _Lcd_Chr_CP
0x0193	0x0AAA      	INCF       Lcd_Out_i_L0, 1
0x0194	0x2987      	GOTO       L_Lcd_Out18
L_Lcd_Out19:
;__Lib_Lcd.c,201 :: 		
0x0195	0x1426      	BSF        __Lib_Lcd_cmd_status, BitPos(__Lib_Lcd_cmd_status+0)
;__Lib_Lcd.c,202 :: 		
L_end_Lcd_Out:
0x0196	0x0008      	RETURN
; end of _Lcd_Out
_StartSignal:
;dht11.c,18 :: 		void StartSignal(){
;dht11.c,19 :: 		TRISD.F1 = 0;
0x0197	0x1683      	BSF        STATUS, 5
0x0198	0x1303      	BCF        STATUS, 6
0x0199	0x1088      	BCF        TRISD, 1
;dht11.c,20 :: 		PORTD.F1 = 0;
0x019A	0x1283      	BCF        STATUS, 5
0x019B	0x1088      	BCF        PORTD, 1
;dht11.c,21 :: 		delay_ms(18);
0x019C	0x302F      	MOVLW      47
0x019D	0x00FC      	MOVWF      R12
0x019E	0x30BF      	MOVLW      191
0x019F	0x00FD      	MOVWF      R13
L_StartSignal0:
0x01A0	0x0BFD      	DECFSZ     R13, 1
0x01A1	0x29A0      	GOTO       L_StartSignal0
0x01A2	0x0BFC      	DECFSZ     R12, 1
0x01A3	0x29A0      	GOTO       L_StartSignal0
0x01A4	0x0000      	NOP
0x01A5	0x0000      	NOP
;dht11.c,22 :: 		PORTD.F1 = 1;
0x01A6	0x1488      	BSF        PORTD, 1
;dht11.c,23 :: 		delay_us(30);
0x01A7	0x3013      	MOVLW      19
0x01A8	0x00FD      	MOVWF      R13
L_StartSignal1:
0x01A9	0x0BFD      	DECFSZ     R13, 1
0x01AA	0x29A9      	GOTO       L_StartSignal1
0x01AB	0x0000      	NOP
0x01AC	0x0000      	NOP
;dht11.c,24 :: 		TRISD.F1 = 1;
0x01AD	0x1683      	BSF        STATUS, 5
0x01AE	0x1488      	BSF        TRISD, 1
;dht11.c,25 :: 		}
L_end_StartSignal:
0x01AF	0x0008      	RETURN
; end of _StartSignal
_Ltrim:
;__Lib_Conversions.c,372 :: 		
;__Lib_Conversions.c,376 :: 		
0x01B0	0x1683      	BSF        STATUS, 5
0x01B1	0x1303      	BCF        STATUS, 6
0x01B2	0x01A8      	CLRF       Ltrim_trimmed_L0
0x01B3	0x01A9      	CLRF       Ltrim_trimmed_L0+1
;__Lib_Conversions.c,377 :: 		
0x01B4	0x0827      	MOVF       FARG_Ltrim_string, 0
0x01B5	0x00F2      	MOVWF      R2
;__Lib_Conversions.c,378 :: 		
0x01B6	0x0827      	MOVF       FARG_Ltrim_string, 0
0x01B7	0x00F3      	MOVWF      R3
;__Lib_Conversions.c,379 :: 		
L_Ltrim70:
;__Lib_Conversions.c,380 :: 		
0x01B8	0x0872      	MOVF       R2, 0
0x01B9	0x0084      	MOVWF      FSR
0x01BA	0x0800      	MOVF       INDF, 0
0x01BB	0x3A20      	XORLW      32
0x01BC	0x1D03      	BTFSS      STATUS, 2
0x01BD	0x29C3      	GOTO       L__Ltrim99
0x01BE	0x0828      	MOVF       Ltrim_trimmed_L0, 0
0x01BF	0x0429      	IORWF      Ltrim_trimmed_L0+1, 0
0x01C0	0x1D03      	BTFSS      STATUS, 2
0x01C1	0x29C3      	GOTO       L__Ltrim99
0x01C2	0x29D0      	GOTO       L_Ltrim75
L__Ltrim99:
;__Lib_Conversions.c,381 :: 		
0x01C3	0x3001      	MOVLW      1
0x01C4	0x00A8      	MOVWF      Ltrim_trimmed_L0
0x01C5	0x3000      	MOVLW      0
0x01C6	0x00A9      	MOVWF      Ltrim_trimmed_L0+1
;__Lib_Conversions.c,382 :: 		
0x01C7	0x0872      	MOVF       R2, 0
0x01C8	0x0084      	MOVWF      FSR
0x01C9	0x0800      	MOVF       INDF, 0
0x01CA	0x00F0      	MOVWF      R0
0x01CB	0x0873      	MOVF       R3, 0
0x01CC	0x0084      	MOVWF      FSR
0x01CD	0x0870      	MOVF       R0, 0
0x01CE	0x0080      	MOVWF      INDF
0x01CF	0x0AF3      	INCF       R3, 1
;__Lib_Conversions.c,383 :: 		
L_Ltrim75:
;__Lib_Conversions.c,385 :: 		
0x01D0	0x0872      	MOVF       R2, 0
0x01D1	0x00F1      	MOVWF      R1
0x01D2	0x0AF2      	INCF       R2, 1
0x01D3	0x0871      	MOVF       R1, 0
0x01D4	0x0084      	MOVWF      FSR
0x01D5	0x0800      	MOVF       INDF, 0
0x01D6	0x3A00      	XORLW      0
0x01D7	0x1D03      	BTFSS      STATUS, 2
0x01D8	0x29B8      	GOTO       L_Ltrim70
;__Lib_Conversions.c,386 :: 		
0x01D9	0x0827      	MOVF       FARG_Ltrim_string, 0
0x01DA	0x00F0      	MOVWF      R0
;__Lib_Conversions.c,387 :: 		
L_end_Ltrim:
0x01DB	0x0008      	RETURN
; end of _Ltrim
___CC2DW:
;__Lib_System.c,134 :: 		
;__Lib_System.c,137 :: 		
_CC2D_Loop1:
;__Lib_System.c,139 :: 		
0x01DC	0x2092      	CALL       _____DoICP
0x01DD	0x118A      	BCF        PCLATH, 3
0x01DE	0x120A      	BCF        PCLATH, 4
;__Lib_System.c,141 :: 		
0x01DF	0x0080      	MOVWF      INDF
;__Lib_System.c,142 :: 		
0x01E0	0x0A84      	INCF       FSR, 1
;__Lib_System.c,143 :: 		
0x01E1	0x0AA0      	INCF       ___DoICPAddr, 1
;__Lib_System.c,145 :: 		
0x01E2	0x1903      	BTFSC      STATUS, 2
;__Lib_System.c,146 :: 		
0x01E3	0x0AA1      	INCF       ___DoICPAddr+1, 1
;__Lib_System.c,147 :: 		
0x01E4	0x03F0      	DECF       R0, 1
;__Lib_System.c,149 :: 		
0x01E5	0x1D03      	BTFSS      STATUS, 2
;__Lib_System.c,150 :: 		
0x01E6	0x29DC      	GOTO       _CC2D_Loop1
;__Lib_System.c,152 :: 		
L_end___CC2DW:
0x01E7	0x0008      	RETURN
; end of ___CC2DW
_CheckResponse:
;dht11.c,26 :: 		void CheckResponse(){
;dht11.c,27 :: 		Check = 0;
0x01E8	0x1283      	BCF        STATUS, 5
0x01E9	0x1303      	BCF        STATUS, 6
0x01EA	0x01A2      	CLRF       _Check
;dht11.c,28 :: 		delay_us(40);
0x01EB	0x301A      	MOVLW      26
0x01EC	0x00FD      	MOVWF      R13
L_CheckResponse2:
0x01ED	0x0BFD      	DECFSZ     R13, 1
0x01EE	0x29ED      	GOTO       L_CheckResponse2
0x01EF	0x0000      	NOP
;dht11.c,29 :: 		if (PORTD.F1 == 0){
0x01F0	0x1888      	BTFSC      PORTD, 1
0x01F1	0x29FF      	GOTO       L_CheckResponse3
;dht11.c,30 :: 		delay_us(80);
0x01F2	0x3035      	MOVLW      53
0x01F3	0x00FD      	MOVWF      R13
L_CheckResponse4:
0x01F4	0x0BFD      	DECFSZ     R13, 1
0x01F5	0x29F4      	GOTO       L_CheckResponse4
;dht11.c,31 :: 		if (PORTD.F1 == 1)   Check = 1;   delay_us(40);}
0x01F6	0x1C88      	BTFSS      PORTD, 1
0x01F7	0x29FA      	GOTO       L_CheckResponse5
0x01F8	0x3001      	MOVLW      1
0x01F9	0x00A2      	MOVWF      _Check
L_CheckResponse5:
0x01FA	0x301A      	MOVLW      26
0x01FB	0x00FD      	MOVWF      R13
L_CheckResponse6:
0x01FC	0x0BFD      	DECFSZ     R13, 1
0x01FD	0x29FC      	GOTO       L_CheckResponse6
0x01FE	0x0000      	NOP
L_CheckResponse3:
;dht11.c,32 :: 		}
L_end_CheckResponse:
0x01FF	0x0008      	RETURN
; end of _CheckResponse
_main:
0x0200	0x2312      	CALL       786
;dht11.c,42 :: 		void main() {
;dht11.c,44 :: 		trisd.b4=0;
0x0201	0x1683      	BSF        STATUS, 5
0x0202	0x1303      	BCF        STATUS, 6
0x0203	0x1208      	BCF        TRISD, 4
;dht11.c,45 :: 		portd.b4=0;
0x0204	0x1283      	BCF        STATUS, 5
0x0205	0x1208      	BCF        PORTD, 4
;dht11.c,46 :: 		trisd.b5=0;
0x0206	0x1683      	BSF        STATUS, 5
0x0207	0x1288      	BCF        TRISD, 5
;dht11.c,47 :: 		portd.b5=0;
0x0208	0x1283      	BCF        STATUS, 5
0x0209	0x1288      	BCF        PORTD, 5
;dht11.c,48 :: 		trisd.b6=0;
0x020A	0x1683      	BSF        STATUS, 5
0x020B	0x1308      	BCF        TRISD, 6
;dht11.c,49 :: 		portd.b6=0;
0x020C	0x1283      	BCF        STATUS, 5
0x020D	0x1308      	BCF        PORTD, 6
;dht11.c,50 :: 		Lcd_Init();
0x020E	0x20CD      	CALL       _Lcd_Init
;dht11.c,51 :: 		while(1){
L_main17:
0x020F	0x1683      	BSF        STATUS, 5
;dht11.c,52 :: 		Lcd_Cmd(_LCD_CURSOR_OFF);
0x0210	0x300C      	MOVLW      12
0x0211	0x00AC      	MOVWF      FARG_Lcd_Cmd_out_char
0x0212	0x201A      	CALL       _Lcd_Cmd
;dht11.c,53 :: 		Lcd_Cmd(_LCD_CLEAR);
0x0213	0x3001      	MOVLW      1
0x0214	0x1683      	BSF        STATUS, 5
0x0215	0x00AC      	MOVWF      FARG_Lcd_Cmd_out_char
0x0216	0x201A      	CALL       _Lcd_Cmd
;dht11.c,54 :: 		StartSignal();
0x0217	0x2197      	CALL       _StartSignal
;dht11.c,55 :: 		CheckResponse();
0x0218	0x21E8      	CALL       _CheckResponse
;dht11.c,56 :: 		if(Check == 1){
0x0219	0x0822      	MOVF       _Check, 0
0x021A	0x3A01      	XORLW      1
0x021B	0x1D03      	BTFSS      STATUS, 2
0x021C	0x2A9D      	GOTO       L_main19
;dht11.c,57 :: 		ReadData();
0x021D	0x211C      	CALL       _ReadData
;dht11.c,58 :: 		RH1 =i;
0x021E	0x0820      	MOVF       _i, 0
0x021F	0x00A5      	MOVWF      _RH1
;dht11.c,59 :: 		ReadData();
0x0220	0x211C      	CALL       _ReadData
;dht11.c,60 :: 		RH2 =i;
0x0221	0x0820      	MOVF       _i, 0
0x0222	0x00A4      	MOVWF      _RH2
;dht11.c,61 :: 		ReadData();
0x0223	0x211C      	CALL       _ReadData
;dht11.c,62 :: 		Temp1 =i;
0x0224	0x0820      	MOVF       _i, 0
0x0225	0x00A3      	MOVWF      _Temp1
;dht11.c,63 :: 		ReadData();
0x0226	0x211C      	CALL       _ReadData
;dht11.c,64 :: 		Temp2 =i;
0x0227	0x0820      	MOVF       _i, 0
0x0228	0x00D4      	MOVWF      _Temp2
;dht11.c,65 :: 		ReadData();
0x0229	0x211C      	CALL       _ReadData
;dht11.c,66 :: 		Sum = i;
0x022A	0x0820      	MOVF       _i, 0
0x022B	0x00D3      	MOVWF      _Sum
;dht11.c,67 :: 		if(Sum == RH1+RH2+Temp1+Temp2){
0x022C	0x0824      	MOVF       _RH2, 0
0x022D	0x0725      	ADDWF      _RH1, 0
0x022E	0x00F0      	MOVWF      R0
0x022F	0x01F1      	CLRF       R0+1
0x0230	0x1803      	BTFSC      STATUS, 0
0x0231	0x0AF1      	INCF       R0+1, 1
0x0232	0x0823      	MOVF       _Temp1, 0
0x0233	0x07F0      	ADDWF      R0, 1
0x0234	0x1803      	BTFSC      STATUS, 0
0x0235	0x0AF1      	INCF       R0+1, 1
0x0236	0x0854      	MOVF       _Temp2, 0
0x0237	0x0770      	ADDWF      R0, 0
0x0238	0x00F2      	MOVWF      R2
0x0239	0x0871      	MOVF       R0+1, 0
0x023A	0x1803      	BTFSC      STATUS, 0
0x023B	0x3E01      	ADDLW      1
0x023C	0x00F3      	MOVWF      R2+1
0x023D	0x3000      	MOVLW      0
0x023E	0x0673      	XORWF      R2+1, 0
0x023F	0x1D03      	BTFSS      STATUS, 2
0x0240	0x2A43      	GOTO       L__main37
0x0241	0x0872      	MOVF       R2, 0
0x0242	0x0620      	XORWF      _i, 0
L__main37:
0x0243	0x1D03      	BTFSS      STATUS, 2
0x0244	0x2A8C      	GOTO       L_main20
;dht11.c,68 :: 		Temp=Temp1 ;
0x0245	0x0823      	MOVF       _Temp1, 0
0x0246	0x00D2      	MOVWF      _Temp
;dht11.c,69 :: 		RH=RH1 ;
0x0247	0x0825      	MOVF       _RH1, 0
0x0248	0x00EF      	MOVWF      _RH
;dht11.c,70 :: 		Lcd_Out(1,6,"Temp:  .0C");
0x0249	0x3001      	MOVLW      1
0x024A	0x1683      	BSF        STATUS, 5
0x024B	0x00A7      	MOVWF      FARG_Lcd_Out_row
0x024C	0x3006      	MOVLW      6
0x024D	0x00A8      	MOVWF      FARG_Lcd_Out_column
0x024E	0x3064      	MOVLW      ?lstr1_dht11
0x024F	0x00A9      	MOVWF      FARG_Lcd_Out_text
0x0250	0x2156      	CALL       _Lcd_Out
;dht11.c,71 :: 		Lcd_Out(2,2,"Humidity:  .0%");
0x0251	0x3002      	MOVLW      2
0x0252	0x00A7      	MOVWF      FARG_Lcd_Out_row
0x0253	0x3002      	MOVLW      2
0x0254	0x00A8      	MOVWF      FARG_Lcd_Out_column
0x0255	0x3055      	MOVLW      ?lstr2_dht11
0x0256	0x00A9      	MOVWF      FARG_Lcd_Out_text
0x0257	0x2156      	CALL       _Lcd_Out
;dht11.c,72 :: 		ByteToStr(Temp,mytext);
0x0258	0x1283      	BCF        STATUS, 5
0x0259	0x0852      	MOVF       _Temp, 0
0x025A	0x1683      	BSF        STATUS, 5
0x025B	0x00A7      	MOVWF      FARG_ByteToStr_input
0x025C	0x30A2      	MOVLW      _mytext
0x025D	0x00A8      	MOVWF      FARG_ByteToStr_output
0x025E	0x2099      	CALL       _ByteToStr
;dht11.c,73 :: 		Lcd_Out(1,11,Ltrim(mytext));
0x025F	0x30A2      	MOVLW      _mytext
0x0260	0x00A7      	MOVWF      FARG_Ltrim_string
0x0261	0x21B0      	CALL       _Ltrim
0x0262	0x0870      	MOVF       R0, 0
0x0263	0x00A9      	MOVWF      FARG_Lcd_Out_text
0x0264	0x3001      	MOVLW      1
0x0265	0x00A7      	MOVWF      FARG_Lcd_Out_row
0x0266	0x300B      	MOVLW      11
0x0267	0x00A8      	MOVWF      FARG_Lcd_Out_column
0x0268	0x2156      	CALL       _Lcd_Out
;dht11.c,74 :: 		ByteToStr(RH,mytext);
0x0269	0x1283      	BCF        STATUS, 5
0x026A	0x086F      	MOVF       _RH, 0
0x026B	0x1683      	BSF        STATUS, 5
0x026C	0x00A7      	MOVWF      FARG_ByteToStr_input
0x026D	0x30A2      	MOVLW      _mytext
0x026E	0x00A8      	MOVWF      FARG_ByteToStr_output
0x026F	0x2099      	CALL       _ByteToStr
;dht11.c,75 :: 		Lcd_Out(2,11,Ltrim(mytext));
0x0270	0x30A2      	MOVLW      _mytext
0x0271	0x00A7      	MOVWF      FARG_Ltrim_string
0x0272	0x21B0      	CALL       _Ltrim
0x0273	0x0870      	MOVF       R0, 0
0x0274	0x00A9      	MOVWF      FARG_Lcd_Out_text
0x0275	0x3002      	MOVLW      2
0x0276	0x00A7      	MOVWF      FARG_Lcd_Out_row
0x0277	0x300B      	MOVLW      11
0x0278	0x00A8      	MOVWF      FARG_Lcd_Out_column
0x0279	0x2156      	CALL       _Lcd_Out
;dht11.c,76 :: 		if( Temp>30 ||  RH>40 )
0x027A	0x1283      	BCF        STATUS, 5
0x027B	0x0852      	MOVF       _Temp, 0
0x027C	0x3C1E      	SUBLW      30
0x027D	0x1C03      	BTFSS      STATUS, 0
0x027E	0x2A84      	GOTO       L__main28
0x027F	0x086F      	MOVF       _RH, 0
0x0280	0x3C28      	SUBLW      40
0x0281	0x1C03      	BTFSS      STATUS, 0
0x0282	0x2A84      	GOTO       L__main28
0x0283	0x2A88      	GOTO       L_main23
L__main28:
;dht11.c,78 :: 		portd.b6=0;
0x0284	0x1308      	BCF        PORTD, 6
;dht11.c,79 :: 		portd.b4=1;
0x0285	0x1608      	BSF        PORTD, 4
;dht11.c,80 :: 		portd.b5=1;
0x0286	0x1688      	BSF        PORTD, 5
;dht11.c,83 :: 		}
0x0287	0x2A8B      	GOTO       L_main24
L_main23:
;dht11.c,87 :: 		portd.b4=0;
0x0288	0x1208      	BCF        PORTD, 4
;dht11.c,88 :: 		portd.b5=0;
0x0289	0x1288      	BCF        PORTD, 5
;dht11.c,89 :: 		portd.b6=1;
0x028A	0x1708      	BSF        PORTD, 6
;dht11.c,91 :: 		}
L_main24:
;dht11.c,93 :: 		}
0x028B	0x2A9C      	GOTO       L_main25
L_main20:
;dht11.c,95 :: 		Lcd_Cmd(_LCD_CURSOR_OFF);
0x028C	0x300C      	MOVLW      12
0x028D	0x1683      	BSF        STATUS, 5
0x028E	0x00AC      	MOVWF      FARG_Lcd_Cmd_out_char
0x028F	0x201A      	CALL       _Lcd_Cmd
;dht11.c,96 :: 		Lcd_Cmd(_LCD_CLEAR);
0x0290	0x3001      	MOVLW      1
0x0291	0x1683      	BSF        STATUS, 5
0x0292	0x00AC      	MOVWF      FARG_Lcd_Cmd_out_char
0x0293	0x201A      	CALL       _Lcd_Cmd
;dht11.c,97 :: 		Lcd_Out(1,1,"Check sum error");}
0x0294	0x3001      	MOVLW      1
0x0295	0x1683      	BSF        STATUS, 5
0x0296	0x00A7      	MOVWF      FARG_Lcd_Out_row
0x0297	0x3001      	MOVLW      1
0x0298	0x00A8      	MOVWF      FARG_Lcd_Out_column
0x0299	0x3032      	MOVLW      ?lstr3_dht11
0x029A	0x00A9      	MOVWF      FARG_Lcd_Out_text
0x029B	0x2156      	CALL       _Lcd_Out
L_main25:
;dht11.c,98 :: 		}
0x029C	0x2AAC      	GOTO       L_main26
L_main19:
0x029D	0x1683      	BSF        STATUS, 5
;dht11.c,101 :: 		Lcd_Out(1,3,"No response");
0x029E	0x3001      	MOVLW      1
0x029F	0x00A7      	MOVWF      FARG_Lcd_Out_row
0x02A0	0x3003      	MOVLW      3
0x02A1	0x00A8      	MOVWF      FARG_Lcd_Out_column
0x02A2	0x3026      	MOVLW      ?lstr4_dht11
0x02A3	0x00A9      	MOVWF      FARG_Lcd_Out_text
0x02A4	0x2156      	CALL       _Lcd_Out
;dht11.c,102 :: 		Lcd_Out(2,1,"from the sensor");
0x02A5	0x3002      	MOVLW      2
0x02A6	0x00A7      	MOVWF      FARG_Lcd_Out_row
0x02A7	0x3001      	MOVLW      1
0x02A8	0x00A8      	MOVWF      FARG_Lcd_Out_column
0x02A9	0x3042      	MOVLW      ?lstr5_dht11
0x02AA	0x00A9      	MOVWF      FARG_Lcd_Out_text
0x02AB	0x2156      	CALL       _Lcd_Out
;dht11.c,103 :: 		}
L_main26:
;dht11.c,104 :: 		delay_ms(1000);
0x02AC	0x300B      	MOVLW      11
0x02AD	0x00FB      	MOVWF      R11
0x02AE	0x3026      	MOVLW      38
0x02AF	0x00FC      	MOVWF      R12
0x02B0	0x305D      	MOVLW      93
0x02B1	0x00FD      	MOVWF      R13
L_main27:
0x02B2	0x0BFD      	DECFSZ     R13, 1
0x02B3	0x2AB2      	GOTO       L_main27
0x02B4	0x0BFC      	DECFSZ     R12, 1
0x02B5	0x2AB2      	GOTO       L_main27
0x02B6	0x0BFB      	DECFSZ     R11, 1
0x02B7	0x2AB2      	GOTO       L_main27
0x02B8	0x0000      	NOP
0x02B9	0x0000      	NOP
;dht11.c,105 :: 		}
0x02BA	0x2A0F      	GOTO       L_main17
;dht11.c,106 :: 		}
L_end_main:
0x02BB	0x2ABB      	GOTO       $+0
; end of _main
0x0312	0x3020      	MOVLW      32
0x0313	0x0084      	MOVWF      FSR
0x0314	0x3050      	MOVLW      80
0x0315	0x1283      	BCF        STATUS, 5
0x0316	0x1303      	BCF        STATUS, 6
0x0317	0x00F0      	MOVWF      R0
0x0318	0x30C1      	MOVLW      193
0x0319	0x1683      	BSF        STATUS, 5
0x031A	0x00A0      	MOVWF      ___DoICPAddr
0x031B	0x3002      	MOVLW      2
0x031C	0x00A1      	MOVWF      161
0x031D	0x21DC      	CALL       476
0x031E	0x0008      	RETURN
;dht11.c,0 :: ?ICS_i
0x02C1	0x3400 ;?ICS_i+0
; end of ?ICS_i
;dht11.c,0 :: ?ICS_b
0x02C2	0x3400 ;?ICS_b+0
; end of ?ICS_b
;dht11.c,0 :: ?ICS_Check
0x02C3	0x3400 ;?ICS_Check+0
; end of ?ICS_Check
;dht11.c,0 :: ?ICS_Temp1
0x02C4	0x3400 ;?ICS_Temp1+0
; end of ?ICS_Temp1
;dht11.c,0 :: ?ICS_RH2
0x02C5	0x3400 ;?ICS_RH2+0
; end of ?ICS_RH2
;dht11.c,0 :: ?ICS_RH1
0x02C6	0x3400 ;?ICS_RH1+0
; end of ?ICS_RH1
;dht11.c,0 :: ?ICS?lstr4_dht11
0x02C7	0x344E ;?ICS?lstr4_dht11+0
0x02C8	0x346F ;?ICS?lstr4_dht11+1
0x02C9	0x3420 ;?ICS?lstr4_dht11+2
0x02CA	0x3472 ;?ICS?lstr4_dht11+3
0x02CB	0x3465 ;?ICS?lstr4_dht11+4
0x02CC	0x3473 ;?ICS?lstr4_dht11+5
0x02CD	0x3470 ;?ICS?lstr4_dht11+6
0x02CE	0x346F ;?ICS?lstr4_dht11+7
0x02CF	0x346E ;?ICS?lstr4_dht11+8
0x02D0	0x3473 ;?ICS?lstr4_dht11+9
0x02D1	0x3465 ;?ICS?lstr4_dht11+10
0x02D2	0x3400 ;?ICS?lstr4_dht11+11
; end of ?ICS?lstr4_dht11
;dht11.c,0 :: ?ICS?lstr3_dht11
0x02D3	0x3443 ;?ICS?lstr3_dht11+0
0x02D4	0x3468 ;?ICS?lstr3_dht11+1
0x02D5	0x3465 ;?ICS?lstr3_dht11+2
0x02D6	0x3463 ;?ICS?lstr3_dht11+3
0x02D7	0x346B ;?ICS?lstr3_dht11+4
0x02D8	0x3420 ;?ICS?lstr3_dht11+5
0x02D9	0x3473 ;?ICS?lstr3_dht11+6
0x02DA	0x3475 ;?ICS?lstr3_dht11+7
0x02DB	0x346D ;?ICS?lstr3_dht11+8
0x02DC	0x3420 ;?ICS?lstr3_dht11+9
0x02DD	0x3465 ;?ICS?lstr3_dht11+10
0x02DE	0x3472 ;?ICS?lstr3_dht11+11
0x02DF	0x3472 ;?ICS?lstr3_dht11+12
0x02E0	0x346F ;?ICS?lstr3_dht11+13
0x02E1	0x3472 ;?ICS?lstr3_dht11+14
0x02E2	0x3400 ;?ICS?lstr3_dht11+15
; end of ?ICS?lstr3_dht11
;dht11.c,0 :: ?ICS?lstr5_dht11
0x02E3	0x3466 ;?ICS?lstr5_dht11+0
0x02E4	0x3472 ;?ICS?lstr5_dht11+1
0x02E5	0x346F ;?ICS?lstr5_dht11+2
0x02E6	0x346D ;?ICS?lstr5_dht11+3
0x02E7	0x3420 ;?ICS?lstr5_dht11+4
0x02E8	0x3474 ;?ICS?lstr5_dht11+5
0x02E9	0x3468 ;?ICS?lstr5_dht11+6
0x02EA	0x3465 ;?ICS?lstr5_dht11+7
0x02EB	0x3420 ;?ICS?lstr5_dht11+8
0x02EC	0x3473 ;?ICS?lstr5_dht11+9
0x02ED	0x3465 ;?ICS?lstr5_dht11+10
0x02EE	0x346E ;?ICS?lstr5_dht11+11
0x02EF	0x3473 ;?ICS?lstr5_dht11+12
0x02F0	0x346F ;?ICS?lstr5_dht11+13
0x02F1	0x3472 ;?ICS?lstr5_dht11+14
0x02F2	0x3400 ;?ICS?lstr5_dht11+15
; end of ?ICS?lstr5_dht11
;dht11.c,0 :: ?ICS_Temp
0x02F3	0x3400 ;?ICS_Temp+0
; end of ?ICS_Temp
;dht11.c,0 :: ?ICS_Sum
0x02F4	0x3400 ;?ICS_Sum+0
; end of ?ICS_Sum
;dht11.c,0 :: ?ICS_Temp2
0x02F5	0x3400 ;?ICS_Temp2+0
; end of ?ICS_Temp2
;dht11.c,0 :: ?ICS?lstr2_dht11
0x02F6	0x3448 ;?ICS?lstr2_dht11+0
0x02F7	0x3475 ;?ICS?lstr2_dht11+1
0x02F8	0x346D ;?ICS?lstr2_dht11+2
0x02F9	0x3469 ;?ICS?lstr2_dht11+3
0x02FA	0x3464 ;?ICS?lstr2_dht11+4
0x02FB	0x3469 ;?ICS?lstr2_dht11+5
0x02FC	0x3474 ;?ICS?lstr2_dht11+6
0x02FD	0x3479 ;?ICS?lstr2_dht11+7
0x02FE	0x343A ;?ICS?lstr2_dht11+8
0x02FF	0x3420 ;?ICS?lstr2_dht11+9
0x0300	0x3420 ;?ICS?lstr2_dht11+10
0x0301	0x342E ;?ICS?lstr2_dht11+11
0x0302	0x3430 ;?ICS?lstr2_dht11+12
0x0303	0x3425 ;?ICS?lstr2_dht11+13
0x0304	0x3400 ;?ICS?lstr2_dht11+14
; end of ?ICS?lstr2_dht11
;dht11.c,0 :: ?ICS?lstr1_dht11
0x0305	0x3454 ;?ICS?lstr1_dht11+0
0x0306	0x3465 ;?ICS?lstr1_dht11+1
0x0307	0x346D ;?ICS?lstr1_dht11+2
0x0308	0x3470 ;?ICS?lstr1_dht11+3
0x0309	0x343A ;?ICS?lstr1_dht11+4
0x030A	0x3420 ;?ICS?lstr1_dht11+5
0x030B	0x3420 ;?ICS?lstr1_dht11+6
0x030C	0x342E ;?ICS?lstr1_dht11+7
0x030D	0x3430 ;?ICS?lstr1_dht11+8
0x030E	0x3443 ;?ICS?lstr1_dht11+9
0x030F	0x3400 ;?ICS?lstr1_dht11+10
; end of ?ICS?lstr1_dht11
;dht11.c,0 :: ?ICS_RH
0x0310	0x3400 ;?ICS_RH+0
; end of ?ICS_RH
Symbol List:
//** Routines locations **
//ADDRESS    SIZE    PROCEDURE
//----------------------------------------------
0x0003       [3]    _Delay_1us
0x0006      [13]    _Delay_5500us
0x0013       [7]    _Delay_50us
0x001A      [94]    _Lcd_Cmd
0x0078      [17]    _Div_8x8_U
0x0089       [9]    _Lcd_Chr_CP
0x0092       [7]    _____DoICP
0x0099      [52]    _ByteToStr
0x00CD      [79]    _Lcd_Init
0x011C      [58]    _ReadData
0x0156      [65]    _Lcd_Out
0x0197      [25]    _StartSignal
0x01B0      [44]    _Ltrim
0x01DC      [12]    ___CC2DW
0x01E8      [24]    _CheckResponse
0x0200     [187]    _main
//** Variables locations ** 
//ADDRESS    SIZE    VARIABLE
//----------------------------------------------
0x0000       [1]    INDF
0x0002       [1]    PCL
0x0003       [1]    STATUS
0x0004       [1]    FSR
0x0006       [0]    RB3_bit
0x0006       [0]    RB4_bit
0x0006       [0]    RB5_bit
0x0006       [0]    LCD_D4
0x0006       [0]    LCD_EN
0x0006       [0]    LCD_RS
0x0006       [0]    LCD_D7
0x0006       [0]    LCD_D6
0x0006       [0]    LCD_D5
0x0006       [0]    RB2_bit
0x0006       [0]    RB1_bit
0x0006       [0]    RB0_bit
0x0008       [1]    PORTD
0x000A       [1]    PCLATH
0x0020       [1]    _i
0x0021       [1]    _b
0x0022       [1]    _Check
0x0023       [1]    _Temp1
0x0024       [1]    _RH2
0x0025       [1]    _RH1
0x0026      [12]    ?lstr4_dht11
0x0032      [16]    ?lstr3_dht11
0x0042      [16]    ?lstr5_dht11
0x0052       [1]    _Temp
0x0053       [1]    _Sum
0x0054       [1]    _Temp2
0x0055      [15]    ?lstr2_dht11
0x0064      [11]    ?lstr1_dht11
0x006F       [1]    _RH
0x0070       [1]    R0
0x0071       [1]    R1
0x0072       [1]    R2
0x0073       [1]    R3
0x0074       [1]    R4
0x0075       [1]    R5
0x0076       [1]    R6
0x0077       [1]    R7
0x0078       [1]    R8
0x0079       [1]    R9
0x007A       [1]    R10
0x007B       [1]    R11
0x007C       [1]    R12
0x007D       [1]    R13
0x007E       [1]    R14
0x007F       [1]    R15
0x0086       [0]    TRISB0_bit
0x0086       [0]    TRISB5_bit
0x0086       [0]    TRISB3_bit
0x0086       [0]    TRISB2_bit
0x0086       [0]    TRISB1_bit
0x0086       [0]    LCD_D6_Direction
0x0086       [0]    TRISB4_bit
0x0086       [0]    LCD_D7_Direction
0x0086       [0]    LCD_D4_Direction
0x0086       [0]    LCD_D5_Direction
0x0086       [0]    LCD_RS_Direction
0x0086       [0]    LCD_EN_Direction
0x0088       [1]    TRISD
0x00A0       [2]    ___DoICPAddr
0x00A2       [4]    _mytext
0x00A6       [0]    __Lib_Lcd_cmd_status
0x00A7       [1]    FARG_Lcd_Out_row
0x00A7       [1]    FARG_Ltrim_string
0x00A7       [1]    FARG_ByteToStr_input
0x00A8       [2]    Ltrim_trimmed_L0
0x00A8       [1]    FARG_ByteToStr_output
0x00A8       [1]    FARG_Lcd_Out_column
0x00A9       [1]    ByteToStr_DigitPos_L0
0x00A9       [1]    FARG_Lcd_Out_text
0x00AA       [1]    FLOC__ByteToStr
0x00AA       [1]    Lcd_Out_i_L0
0x00AB       [1]    FARG_Lcd_Chr_CP_out_char
0x00AC       [1]    FARG_Lcd_Cmd_out_char
//** Constants locations ** 
//ADDRESS    SIZE    CONSTANT
//----------------------------------------------
0x02C1       [1]    ?ICS_i
0x02C2       [1]    ?ICS_b
0x02C3       [1]    ?ICS_Check
0x02C4       [1]    ?ICS_Temp1
0x02C5       [1]    ?ICS_RH2
0x02C6       [1]    ?ICS_RH1
0x02C7      [12]    ?ICS?lstr4_dht11
0x02D3      [16]    ?ICS?lstr3_dht11
0x02E3      [16]    ?ICS?lstr5_dht11
0x02F3       [1]    ?ICS_Temp
0x02F4       [1]    ?ICS_Sum
0x02F5       [1]    ?ICS_Temp2
0x02F6      [15]    ?ICS?lstr2_dht11
0x0305      [11]    ?ICS?lstr1_dht11
0x0310       [1]    ?ICS_RH
//** Label List: ** 
//----------------------------------------------
  L_StartSignal0
  L_StartSignal1
  L_CheckResponse2
  L_CheckResponse3
  L_CheckResponse4
  L_CheckResponse5
  L_CheckResponse6
  L_ReadData7
  L_ReadData8
  L_ReadData9
  L_ReadData10
  L_ReadData11
  L_ReadData12
  L_ReadData13
  L_ReadData14
  L_ReadData15
  L_ReadData16
  L_main17
  L_main18
  L_main19
  L_main20
  L_main21
  L_main22
  L_main23
  L_main24
  L_main25
  L_main26
  L_main27
  L__main28
  L_end_StartSignal
  _StartSignal
  L_end_CheckResponse
  _CheckResponse
  L_end_ReadData
  _ReadData
  L__ReadData32
  L__ReadData33
  L__ReadData34
  L__ReadData35
  L_end_main
  _main
  L__main37
  L_ByteToStr0
  L_ByteToStr1
  L_ByteToStr2
  L_ByteToStr3
  L_ByteToStr4
  L_ByteToStr5
  L_WordToStr6
  L_WordToStr7
  L_WordToStr8
  L_WordToStr9
  L_WordToStr10
  L_WordToStr11
  L_WordToStrWithZeros12
  L_WordToStrWithZeros13
  L_WordToStrWithZeros14
  L_WordToStrWithZeros15
  L_WordToStrWithZeros16
  L_ShortToStr17
  L_ShortToStr18
  L_ShortToStr19
  L_ShortToStr20
  L_ShortToStr21
  L_ShortToStr22
  L_IntToStr23
  L_IntToStr24
  L_IntToStr25
  L_IntToStr26
  L_IntToStr27
  L_IntToStr28
  L_IntToStrWithZeros29
  L_IntToStrWithZeros30
  L_IntToStrWithZeros31
  L_IntToStrWithZeros32
  L_IntToStrWithZeros33
  L_IntToStrWithZeros34
  L_IntToStrWithZeros35
  L_IntToStrWithZeros36
  L_IntToStrWithZeros37
  L_LongWordToStr38
  L_LongWordToStr39
  L_LongWordToStr40
  L_LongWordToStr41
  L_LongWordToStr42
  L_LongWordToStr43
  L_LongWordToStrWithZeros44
  L_LongWordToStrWithZeros45
  L_LongWordToStrWithZeros46
  L_LongWordToStrWithZeros47
  L_LongWordToStrWithZeros48
  L_LongToStr49
  L_LongToStr50
  L_LongToStr51
  L_LongToStr52
  L_LongToStr53
  L_LongToStr54
  L_LongIntToStrWithZeros55
  L_LongIntToStrWithZeros56
  L_LongIntToStrWithZeros57
  L_LongIntToStrWithZeros58
  L_LongIntToStrWithZeros59
  L_LongIntToStrWithZeros60
  L_LongIntToStrWithZeros61
  L_LongIntToStrWithZeros62
  L_LongIntToStrWithZeros63
  L_Dec2Bcd64
  L_Dec2Bcd65
  L_Rtrim66
  L_Rtrim67
  L_Rtrim68
  L_Rtrim69
  L_Ltrim70
  L_Ltrim71
  L_Ltrim72
  L_Ltrim73
  L_Ltrim74
  L_Ltrim75
  L_FloatToStr76
  L_FloatToStr77
  L_FloatToStr78
  L_FloatToStr79
  L_FloatToStr80
  L_FloatToStr81
  L_FloatToStr82
  L_FloatToStr83
  L_FloatToStr84
  L_FloatToStr85
  L_FloatToStr86
  L_FloatToStr87
  L_FloatToStr88
  L_FloatToStr89
  L_FloatToStr90
  L_FloatToStr91
  L_FloatToStr92
  L_FloatToStr93
  L_FloatToStr94
  L_FloatToStr95
  L_FloatToStr96
  L_FloatToStr97
  L__Rtrim98
  L__Ltrim99
  L__FloatToStr100
  L_end_ByteToHex
  _ByteToHex
  L_end_ShortToHex
  _ShortToHex
  L_end_WordToHex
  _WordToHex
  L_end_IntToHex
  _IntToHex
  L_end_LongWordToHex
  _LongWordToHex
  L_end_LongIntToHex
  _LongIntToHex
  L_end_ByteToStr
  _ByteToStr
  L_end_WordToStr
  _WordToStr
  L__WordToStr109
  L_end_WordToStrWithZeros
  _WordToStrWithZeros
  L__WordToStrWithZeros111
  L_end_ShortToStr
  _ShortToStr
  L__ShortToStr113
  L_end_IntToStr
  _IntToStr
  L__IntToStr115
  L__IntToStr116
  L_end_IntToStrWithZeros
  _IntToStrWithZeros
  L__IntToStrWithZeros118
  L__IntToStrWithZeros119
  L__IntToStrWithZeros120
  L_end_LongWordToStr
  _LongWordToStr
  L__LongWordToStr122
  L__LongWordToStr123
  L_end_LongWordToStrWithZeros
  _LongWordToStrWithZeros
  L__LongWordToStrWithZeros125
  L_end_LongToStr
  _LongToStr
  L__LongToStr127
  L__LongToStr128
  L_end_LongIntToStrWithZeros
  _LongIntToStrWithZeros
  L__LongIntToStrWithZeros130
  L__LongIntToStrWithZeros131
  L__LongIntToStrWithZeros132
  L_end_Dec2Bcd
  _Dec2Bcd
  L_end_Bcd2Dec
  _Bcd2Dec
  L_end_Bcd2Dec16
  _Bcd2Dec16
  L__Bcd2Dec16136
  L__Bcd2Dec16137
  L_end_Dec2Bcd16
  _Dec2Bcd16
  L__Dec2Bcd16139
  L__Dec2Bcd16140
  L_end_Rtrim
  _Rtrim
  L_end_Ltrim
  _Ltrim
  L_end_FloatToStr
  _FloatToStr
  L__FloatToStr144
  L__FloatToStr145
  L__FloatToStr146
  L__FloatToStr147
  L__FloatToStr148
  L_Delay_10us0
  L_Delay_22us1
  L_Delay_50us2
  L_Delay_80us3
  L_Delay_500us4
  L_Delay_5500us5
  L_Delay_1ms6
  L_Delay_5ms7
  L_Delay_8ms8
  L_Delay_10ms9
  L_Delay_100ms10
  L_Delay_1sec11
  L_boot16_Delay_5ms12
  L_Delay_Cyc13
  L_Delay_Cyc14
  L_VDelay_ms15
  L_VDelay_ms16
  L_VDelay_ms17
  L_VDelay_Advanced_ms18
  L_VDelay_Advanced_ms19
  L_VDelay_Advanced_ms20
  L_end_Get_Fosc_kHz
  _Get_Fosc_kHz
  L_end_Delay_1us
  _Delay_1us
  L_end_Delay_10us
  _Delay_10us
  L_end_Delay_22us
  _Delay_22us
  L_end_Delay_50us
  _Delay_50us
  L_end_Delay_80us
  _Delay_80us
  L_end_Delay_500us
  _Delay_500us
  L_end_Delay_5500us
  _Delay_5500us
  L_end_Delay_1ms
  _Delay_1ms
  L_end_Delay_5ms
  _Delay_5ms
  L_end_Delay_8ms
  _Delay_8ms
  L_end_Delay_10ms
  _Delay_10ms
  L_end_Delay_100ms
  _Delay_100ms
  L_end_Delay_1sec
  _Delay_1sec
  L_end_boot16_Delay_5ms
  _boot16_Delay_5ms
  L_end_Delay_Cyc
  _Delay_Cyc
  L_end_VDelay_ms
  _VDelay_ms
  L__VDelay_ms38
  L__VDelay_ms39
  L__VDelay_ms40
  L_end_VDelay_Advanced_ms
  _VDelay_Advanced_ms
  L__VDelay_Advanced_ms42
  L__VDelay_Advanced_ms43
  L__VDelay_Advanced_ms44
  L_Lcd_Cmd0
  L_Lcd_Cmd1
  L_Lcd_Out_CP2
  L_Lcd_Out_CP3
  L_Lcd_Chr4
  L_Lcd_Chr5
  L_Lcd_Chr6
  L_Lcd_Chr7
  L_Lcd_Chr8
  L_Lcd_Chr9
  L_Lcd_Chr10
  L_Lcd_Out11
  L_Lcd_Out12
  L_Lcd_Out13
  L_Lcd_Out14
  L_Lcd_Out15
  L_Lcd_Out16
  L_Lcd_Out17
  L_Lcd_Out18
  L_Lcd_Out19
  L_end_Lcd_Cmd
  _Lcd_Cmd
  L__Lcd_Cmd21
  L__Lcd_Cmd22
  L__Lcd_Cmd23
  L__Lcd_Cmd24
  L__Lcd_Cmd25
  L__Lcd_Cmd26
  L__Lcd_Cmd27
  L__Lcd_Cmd28
  L__Lcd_Cmd29
  L__Lcd_Cmd30
  L__Lcd_Cmd31
  L__Lcd_Cmd32
  L__Lcd_Cmd33
  L__Lcd_Cmd34
  L__Lcd_Cmd35
  L__Lcd_Cmd36
  L__Lcd_Cmd37
  L__Lcd_Cmd38
  L__Lcd_Cmd39
  L__Lcd_Cmd40
  L_end_Lcd_Chr_CP
  _Lcd_Chr_CP
  L_end_Lcd_Out_CP
  _Lcd_Out_CP
  L_end_Lcd_Chr
  _Lcd_Chr
  L_end_Lcd_Init
  _Lcd_Init
  L_end_Lcd_Out
  _Lcd_Out
  L_Div_16x16_S0
  L_Div_16x16_S1
  LOOPS3232A
  SADD22LA
  SOK22LA
  SADD22L8
  SOK22L8
  LOOPS3232B
  SADD22LB
  SOK22LB
  SADD22L16
  SOK22L16
  LOOPS3232C
  SADD22LC
  SOK22LC
  SADD22L24
  SOK22L24
  LOOPS3232D
  SADD22LD
  SOK22LD
  SOK22L
  L_Div_32x32_S6
  L_Div_32x32_S7
  L_Div_32x32_S8
  L_Div_32x32_S9
  FXD3232S
  END_ALL
  CA3232S
  C3232SX
  C3232SX1
  C3232S
  C3232S2
  C3232SX4
  C3232SOK
  C3232SX3
  C3232SX2
  avoid_comfrem
  LOOPU3232A
  UADD22LA
  UOK22LA
  UADD22L8
  UOK22L8
  LOOPU3232B
  UADD22LB
  UOK22LB
  UADD22L16
  UOK22L16
  LOOPU3232C
  UADD22LC
  UOK22LC
  UADD22L24
  UOK22L24
  LOOPU3232D
  UADD22LD
  UOK22LD
  UOK22L
  _NEXT
  _EXIT2
  _LOOP
  _EXIT1
  _IF_FIRST
  _IF_SECOND
  _INVERCE_FIRST
  _MULT
  _INBERSE_SECOND
  _EXIT
  L_end_Mul_8x8_U
  _Mul_8x8_U
  L_end_Mul_16x16_U
  _Mul_16x16_U
  L_end_Div_8x8_U
  _Div_8x8_U
  L_end_Div_16x16_U
  _Div_16x16_U
  L_end_Mul_8x8_S
  _Mul_8x8_S
  L_end_Mul_16x16_S
  _Mul_16x16_S
  L_end_Div_16x16_S_L
  _Div_16x16_S_L
  L_end_Div_16x16_S
  _Div_16x16_S
  L_end_Div_8x8_S
  _Div_8x8_S
  L_end_SDIV3232L
  _SDIV3232L
  L_end_COMFREM
  _COMFREM
  L_end_Div_32x32_S
  _Div_32x32_S
  L_end_Div_32x32_U
  _Div_32x32_U
  L_end_Mul_32x32_U
  _Mul_32x32_U
  L_end_Mul_32x32_S
  _Mul_32x32_S
  L_loopCA2AWs
  L_CA2AWend
  _CCA2AW_Loop1
  L_loopCS2Ss
  L_CS2Send
  _CCS2S_Loop1
  L_CCS2Send
  L_loopFZinSWs
  L_FZinSend
  _CC2D_Loop1
  L_end_____DoICP
  _____DoICP
  L_end_____DoIFC
  _____DoIFC
  L_end___CA2AW
  ___CA2AW
  L_end___CCA2AW
  ___CCA2AW
  L_end___CS2S
  ___CS2S
  L_end___CCS2S
  ___CCS2S
  L_end___FZinS
  ___FZinS
  L_end___CC2DW
  ___CC2DW
  L_end_Swap
  _Swap
